TN:
SF:script/DeployDSC.s.sol
DA:15,6
FN:15,DeployDSC.run
FNDA:6,DeployDSC.run
DA:18,6
DA:21,6
DA:25,6
DA:26,6
DA:29,6
DA:32,6
DA:35,6
DA:38,6
DA:41,6
DA:44,6
DA:46,6
FNF:1
FNH:1
LF:12
LH:12
BRF:0
BRH:0
end_of_record
TN:
SF:script/HelperConfig.s.sol
DA:30,6
FN:30,HelperConfig.constructor
FNDA:6,HelperConfig.constructor
DA:31,6
BRDA:31,0,0,-
BRDA:31,0,1,6
DA:32,0
DA:34,6
DA:39,0
FN:39,HelperConfig.getSepoliaEthConfig
FNDA:0,HelperConfig.getSepoliaEthConfig
DA:40,0
DA:51,6
FN:51,HelperConfig.getOrCreateAnvilEthConfig
FNDA:6,HelperConfig.getOrCreateAnvilEthConfig
DA:53,6
BRDA:53,1,0,-
DA:54,0
DA:58,6
DA:61,6
DA:66,6
DA:70,6
DA:75,6
DA:76,6
DA:78,6
FNF:3
FNH:2
LF:16
LH:12
BRF:3
BRH:1
end_of_record
TN:
SF:src/DSCEngine.sol
DA:106,0
FN:106,DSCEngine.moreThanZero
FNDA:0,DSCEngine.moreThanZero
DA:107,0
BRDA:107,0,0,-
DA:108,0
DA:113,2
FN:113,DSCEngine.isAllowedToken
FNDA:2,DSCEngine.isAllowedToken
DA:114,2
BRDA:114,1,0,1
DA:115,1
DA:132,7
FN:132,DSCEngine.constructor
FNDA:7,DSCEngine.constructor
DA:138,7
BRDA:138,2,0,1
DA:139,1
DA:143,6
DA:144,12
DA:145,12
DA:149,6
DA:163,0
FN:163,DSCEngine.depositCollateralAndMintDsc
FNDA:0,DSCEngine.depositCollateralAndMintDsc
DA:168,0
DA:169,0
DA:179,3
FN:179,DSCEngine.depositCollateral
FNDA:3,DSCEngine.depositCollateral
DA:189,1
DA:194,1
DA:201,1
DA:206,1
BRDA:206,3,0,-
DA:207,0
DA:218,0
FN:218,DSCEngine.redeemCollateral
FNDA:0,DSCEngine.redeemCollateral
DA:222,0
DA:228,0
DA:237,0
FN:237,DSCEngine.mintDsc
FNDA:0,DSCEngine.mintDsc
DA:240,0
DA:241,0
DA:244,0
DA:246,0
BRDA:246,4,0,-
DA:247,0
DA:258,0
FN:258,DSCEngine.redeemCollateralForDsc
FNDA:0,DSCEngine.redeemCollateralForDsc
DA:263,0
DA:264,0
DA:274,0
FN:274,DSCEngine.burnDsc
FNDA:0,DSCEngine.burnDsc
DA:275,0
DA:276,0
DA:287,0
FN:287,DSCEngine.liquidate
FNDA:0,DSCEngine.liquidate
DA:293,0
DA:296,0
BRDA:296,5,0,-
DA:297,0
DA:303,0
DA:311,0
DA:316,0
DA:318,0
DA:326,0
DA:329,0
DA:330,0
BRDA:330,6,0,-
DA:331,0
DA:335,0
DA:338,0
FN:338,DSCEngine.getHealthFactor
FNDA:0,DSCEngine.getHealthFactor
DA:353,0
FN:353,DSCEngine._burnDsc
FNDA:0,DSCEngine._burnDsc
DA:359,0
DA:362,0
DA:369,0
BRDA:369,7,0,-
DA:370,0
DA:373,0
DA:374,0
DA:401,0
FN:401,DSCEngine._redeemCollateral
FNDA:0,DSCEngine._redeemCollateral
DA:408,0
DA:411,0
DA:419,0
DA:423,0
BRDA:423,8,0,-
DA:424,0
DA:429,1
FN:429,DSCEngine._getAccountInformation
FNDA:1,DSCEngine._getAccountInformation
DA:437,1
DA:440,1
DA:450,0
FN:450,DSCEngine._healthFactor
FNDA:0,DSCEngine._healthFactor
DA:453,0
DA:456,0
DA:458,0
DA:462,0
DA:471,0
FN:471,DSCEngine._revertIfHealthFactorIsBroken
FNDA:0,DSCEngine._revertIfHealthFactorIsBroken
DA:472,0
DA:473,0
BRDA:473,9,0,-
DA:474,0
DA:489,1
FN:489,DSCEngine.getTokenAmountFromUsd
FNDA:1,DSCEngine.getTokenAmountFromUsd
DA:494,1
DA:498,1
DA:501,1
DA:502,1
DA:512,0
FN:512,DSCEngine.getAccountCollateralValue
FNDA:0,DSCEngine.getAccountCollateralValue
DA:517,1
DA:518,2
DA:519,2
DA:520,2
DA:523,0
DA:533,2
FN:533,DSCEngine.getUsdValue
FNDA:2,DSCEngine.getUsdValue
DA:538,4
DA:543,4
DA:546,4
DA:547,4
DA:551,1
FN:551,DSCEngine.getAccountInformation
FNDA:1,DSCEngine.getAccountInformation
DA:557,1
FNF:20
FNH:7
LF:94
LH:34
BRF:10
BRH:2
end_of_record
TN:
SF:src/DecentralizedStableCoin.sol
DA:50,0
FN:50,DecentralizedStableCoin.burn
FNDA:0,DecentralizedStableCoin.burn
DA:51,0
DA:52,0
BRDA:52,0,0,-
DA:53,0
DA:55,0
BRDA:55,1,0,-
DA:56,0
DA:58,0
DA:62,0
FN:62,DecentralizedStableCoin.mint
FNDA:0,DecentralizedStableCoin.mint
DA:64,0
BRDA:64,2,0,-
DA:65,0
DA:67,0
BRDA:67,3,0,-
DA:68,0
DA:70,0
DA:71,0
FNF:2
FNH:0
LF:14
LH:0
BRF:4
BRH:0
end_of_record
TN:
SF:test/mocks/MockV3Aggregator.sol
DA:25,12
FN:25,MockV3Aggregator.constructor
FNDA:12,MockV3Aggregator.constructor
DA:26,12
DA:27,12
DA:30,12
FN:30,MockV3Aggregator.updateAnswer
FNDA:12,MockV3Aggregator.updateAnswer
DA:31,12
DA:32,12
DA:33,12
DA:34,12
DA:35,12
DA:36,12
DA:39,0
FN:39,MockV3Aggregator.updateRoundData
FNDA:0,MockV3Aggregator.updateRoundData
DA:40,0
DA:41,0
DA:42,0
DA:43,0
DA:44,0
DA:45,0
DA:48,0
FN:48,MockV3Aggregator.getRoundData
FNDA:0,MockV3Aggregator.getRoundData
DA:53,0
DA:56,6
FN:56,MockV3Aggregator.latestRoundData
FNDA:6,MockV3Aggregator.latestRoundData
DA:61,6
DA:70,0
FN:70,MockV3Aggregator.description
FNDA:0,MockV3Aggregator.description
DA:71,0
FNF:6
FNH:3
LF:23
LH:12
BRF:0
BRH:0
end_of_record
